2023-04-08 00:32:16,890{GMT}	INFO	[jepsen test runner] jepsen.core: Test version 6d89061dbadf8e82cd83a4d6863c01882637f223 (plus uncommitted changes)
2023-04-08 00:32:16,891{GMT}	INFO	[jepsen test runner] jepsen.core: Command line:
lein run test -w echo --bin ./target/debug/echo --node-count 1 --time-limit 10 --log-stderr
2023-04-08 00:32:16,971{GMT}	INFO	[jepsen test runner] jepsen.core: Running test:
{:args []
 :remote
 #jepsen.control.retry.Remote{:remote #jepsen.control.scp.Remote{:cmd-remote #jepsen.control.sshj.SSHJRemote{:concurrency-limit 6,
                                                                                                             :conn-spec nil,
                                                                                                             :client nil,
                                                                                                             :semaphore nil},
                                                                 :conn-spec nil},
                              :conn nil}
 :log-net-send false
 :node-count 1
 :availability nil
 :max-txn-length 4
 :concurrency 1
 :db
 #object[maelstrom.db$db$reify__16142
         "0x59da32ad"
         "maelstrom.db$db$reify__16142@59da32ad"]
 :max-writes-per-key 16
 :leave-db-running? false
 :name "echo"
 :logging-json? false
 :start-time
 #object[org.joda.time.DateTime "0x4b5c84be" "2023-04-08T00:32:16.791+02:00"]
 :nemesis-interval 10
 :net
 #object[maelstrom.net$jepsen_net$reify__15251
         "0x404bca88"
         "maelstrom.net$jepsen_net$reify__15251@404bca88"]
 :client
 #object[maelstrom.workload.echo$client$reify__16863
         "0x509cf379"
         "maelstrom.workload.echo$client$reify__16863@509cf379"]
 :barrier
 #object[java.util.concurrent.CyclicBarrier
         "0x4f517209"
         "java.util.concurrent.CyclicBarrier@4f517209"]
 :log-stderr true
 :pure-generators true
 :ssh {:dummy? true}
 :rate 5
 :checker
 #object[jepsen.checker$compose$reify__11881
         "0x60877629"
         "jepsen.checker$compose$reify__11881@60877629"]
 :argv
 ("test"
  "-w"
  "echo"
  "--bin"
  "./target/debug/echo"
  "--node-count"
  "1"
  "--time-limit"
  "10"
  "--log-stderr")
 :nemesis
 (jepsen.nemesis.ReflCompose
  {:fm {:start-partition 0,
        :stop-partition 0,
        :kill 1,
        :start 1,
        :pause 1,
        :resume 1},
   :nemeses [#unprintable "jepsen.nemesis.combined$partition_nemesis$reify__16416@7e86ff3b"
             #unprintable "jepsen.nemesis.combined$db_nemesis$reify__16397@4936dca9"]})
 :nodes ["n0"]
 :test-count 1
 :latency {:mean 0, :dist :constant}
 :bin "./target/debug/echo"
 :generator
 (jepsen.generator.TimeLimit
  {:limit 10000000000,
   :cutoff nil,
   :gen (jepsen.generator.Any
         {:gens [(jepsen.generator.OnThreads
                  {:f #{:nemesis},
                   :context-filter #object[jepsen.generator.context$make_thread_filter$lazy_filter__9167
                                           "0x655c1b"
                                           "jepsen.generator.context$make_thread_filter$lazy_filter__9167@655c1b"],
                   :gen nil})
                 (jepsen.generator.OnThreads
                  {:f #jepsen.generator.context.AllBut{:element :nemesis},
                   :context-filter #object[jepsen.generator.context$make_thread_filter$lazy_filter__9167
                                           "0x48d44acf"
                                           "jepsen.generator.context$make_thread_filter$lazy_filter__9167@48d44acf"],
                   :gen (jepsen.generator.Stagger
                         {:dt 400000000,
                          :next-time nil,
                          :gen (jepsen.generator.EachThread
                                {:fresh-gen #object[maelstrom.workload.echo$workload$fn__16882
                                                    "0x21304869"
                                                    "maelstrom.workload.echo$workload$fn__16882@21304869"],
                                 :context-filters #object[clojure.core$promise$reify__8591
                                                          "0x49f2994f"
                                                          {:status :pending,
                                                           :val nil}],
                                 :gens {}})})})]})})
 :log-net-recv false
 :os
 #object[maelstrom.net$jepsen_os$reify__15254
         "0x63dd81ee"
         "maelstrom.net$jepsen_os$reify__15254@63dd81ee"]
 :time-limit 10
 :workload :echo
 :consistency-models [:strict-serializable]
 :topology :grid}

2023-04-08 00:32:20,040{GMT}	INFO	[jepsen node n0] maelstrom.net: Starting Maelstrom network
2023-04-08 00:32:20,041{GMT}	INFO	[jepsen test runner] jepsen.db: Tearing down DB
2023-04-08 00:32:20,043{GMT}	INFO	[jepsen test runner] jepsen.db: Setting up DB
2023-04-08 00:32:20,046{GMT}	INFO	[jepsen node n0] maelstrom.service: Starting services: (lin-kv lin-tso lww-kv seq-kv)
2023-04-08 00:32:20,049{GMT}	INFO	[jepsen node n0] maelstrom.db: Setting up n0
2023-04-08 00:32:20,050{GMT}	INFO	[jepsen node n0] maelstrom.process: launching ./target/debug/echo []
2023-04-08 00:32:30,075{GMT}	INFO	[jepsen node n0] maelstrom.db: Tearing down n0
2023-04-08 00:32:31,080{GMT}	INFO	[jepsen node n0] maelstrom.net: Shutting down Maelstrom network
2023-04-08 00:32:31,083{GMT}	WARN	[jepsen test runner] jepsen.core: Test crashed!
clojure.lang.ExceptionInfo: Node n0 crashed with exit status 0. Before crashing, it wrote to STDOUT:



And to STDERR:



Full STDERR logs are available in /Users/ymelnyk/myproj/gossip-glomers/store/echo/20230408T003216.791+0200/node-logs/n0.log
	at slingshot.support$stack_trace.invoke(support.clj:201)
	at maelstrom.process$stop_node_BANG_.invokeStatic(process.clj:239)
	at maelstrom.process$stop_node_BANG_.invoke(process.clj:217)
	at maelstrom.db$db$reify__16142.teardown_BANG_(db.clj:75)
	at jepsen.db$fn__8744$G__8725__8748.invoke(db.clj:12)
	at jepsen.db$fn__8744$G__8724__8753.invoke(db.clj:12)
	at clojure.core$partial$fn__5908.invoke(core.clj:2642)
	at jepsen.control$on_nodes$fn__8599.invoke(control.clj:314)
	at clojure.lang.AFn.applyToHelper(AFn.java:154)
	at clojure.lang.AFn.applyTo(AFn.java:144)
	at clojure.core$apply.invokeStatic(core.clj:667)
	at clojure.core$with_bindings_STAR_.invokeStatic(core.clj:1990)
	at clojure.core$with_bindings_STAR_.doInvoke(core.clj:1990)
	at clojure.lang.RestFn.applyTo(RestFn.java:142)
	at clojure.core$apply.invokeStatic(core.clj:671)
	at clojure.core$bound_fn_STAR_$fn__5818.doInvoke(core.clj:2020)
	at clojure.lang.RestFn.invoke(RestFn.java:408)
	at dom_top.core$real_pmap_helper$build_thread__211$fn__212.invoke(core.clj:163)
	at clojure.lang.AFn.applyToHelper(AFn.java:152)
	at clojure.lang.AFn.applyTo(AFn.java:144)
	at clojure.core$apply.invokeStatic(core.clj:667)
	at clojure.core$with_bindings_STAR_.invokeStatic(core.clj:1990)
	at clojure.core$with_bindings_STAR_.doInvoke(core.clj:1990)
	at clojure.lang.RestFn.invoke(RestFn.java:425)
	at clojure.lang.AFn.applyToHelper(AFn.java:156)
	at clojure.lang.RestFn.applyTo(RestFn.java:132)
	at clojure.core$apply.invokeStatic(core.clj:671)
	at clojure.core$bound_fn_STAR_$fn__5818.doInvoke(core.clj:2020)
	at clojure.lang.RestFn.invoke(RestFn.java:397)
	at clojure.lang.AFn.run(AFn.java:22)
	at java.base/java.lang.Thread.run(Thread.java:834)
